2022-03-09 14:29:28 -  - exec CUpdateClientPartner::SearchModulesEx
2022-03-09 14:29:28 -  - exec CUpdateClientPartner::__CollectRequestData
2022-03-09 14:29:28 -  - utf=Y&lang=ru&stable=Y&CANGZIP=Y&SUPD_DBS=MYSQL&XE=N&CLIENT_SITE=my.dev.clothes&LICENSE_KEY=X&SUPD_STS=1&SUPD_URS=0&SUPD_URSA=1&TYPENC=D&CLIENT_PHPVER=7.3.2&NGINX=Y&dbv=10.3.13&instm=main%2C21.400.100%2CY%3Bb24connector%2C21.0.0%2CN%3Bbitrix.sitecorporate%2C15.5.0%2CN%3Bbitrixcloud%2C21.0.0%2CN%3Bclouds%2C21.100.0%2CN%3Bfileman%2C21.200.0%2CN%3Bhighloadblock%2C21.100.0%2CN%3Biblock%2C21.400.100%2CN%3Blanding%2C21.300.300%2CN%3Bmessageservice%2C21.100.0%2CN%3Bperfmon%2C21.0.0%2CN%3Brest%2C21.200.0%2CN%3Bsearch%2C21.0.100%2CN%3Bseo%2C21.300.0%2CN%3Bsocialservices%2C21.100.0%2CN%3Btranslate%2C21.100.0%2CN%3Bui%2C21.300.0%2CN&search_module_id=&search_module=&search_category=7%2C14&search_type=&search_order=DESC&search_order_by=SORT&search_page=1&SUPD_SRS=RU&SUPD_CMP=N
2022-03-09 14:29:28 -  - exec CUpdateClientPartner::GetHTTPPage
2022-03-09 14:29:29 -  - TIME SearchModulesEx(request) 1.228 sec
2022-03-09 14:29:29 -  - exec CUpdateClientPartner::ParseServerData
2022-03-09 14:29:39 -  - exec CUpdateClientPartner::LoadModulesUpdates
2022-03-09 14:29:39 -  - exec CUpdateClientPartner::__CollectRequestData
2022-03-09 14:29:39 -  - utf=Y&lang=ru&stable=Y&CANGZIP=Y&SUPD_DBS=MYSQL&XE=N&CLIENT_SITE=my.dev.clothes&LICENSE_KEY=X&SUPD_STS=1&SUPD_URS=0&SUPD_URSA=1&TYPENC=D&CLIENT_PHPVER=7.3.2&NGINX=Y&dbv=10.3.13&instm=main%2C21.400.100%2CY%3Bb24connector%2C21.0.0%2CN%3Bbitrix.sitecorporate%2C15.5.0%2CN%3Bbitrixcloud%2C21.0.0%2CN%3Bclouds%2C21.100.0%2CN%3Bfileman%2C21.200.0%2CN%3Bhighloadblock%2C21.100.0%2CN%3Biblock%2C21.400.100%2CN%3Blanding%2C21.300.300%2CN%3Bmessageservice%2C21.100.0%2CN%3Bperfmon%2C21.0.0%2CN%3Brest%2C21.200.0%2CN%3Bsearch%2C21.0.100%2CN%3Bseo%2C21.300.0%2CN%3Bsocialservices%2C21.100.0%2CN%3Btranslate%2C21.100.0%2CN%3Bui%2C21.300.0%2CN&reqm=nsandrey.emptyinstall&lim=Y&SUPD_SRS=RU&SUPD_CMP=N
2022-03-09 14:29:39 -  - exec CUpdateClientPartner::GetHTTPPage
2022-03-09 14:29:39 -  - TIME LoadModulesUpdates(request) 0.217 sec
2022-03-09 14:29:39 -  - exec CUpdateClientPartner::ParseServerData
2022-03-09 14:29:39 - S - STEP
2022-03-09 14:29:39 - LM4W01 - loadModule4Wizard-Step
2022-03-09 14:29:39 -  - exec CUpdateClientPartner::LoadModulesUpdates
2022-03-09 14:29:39 -  - exec CUpdateClientPartner::ParseServerData
2022-03-09 14:29:39 -  - loadFile
2022-03-09 14:29:39 - U - RETURN
2022-03-09 14:29:39 -  - exec CUpdateClientPartner::UnGzipArchive
2022-03-09 14:29:40 -  - TIME UnGzipArchive 0.228 sec
2022-03-09 14:29:40 -  - TIME UpdateStepModules 0.194 sec
2022-03-09 14:29:40 -  - exec CUpdateClientPartner::LoadModulesUpdates
2022-03-09 14:29:40 -  - exec CUpdateClientPartner::__CollectRequestData
2022-03-09 14:29:40 -  - utf=Y&lang=ru&stable=Y&CANGZIP=Y&SUPD_DBS=MYSQL&XE=N&CLIENT_SITE=my.dev.clothes&LICENSE_KEY=X&SUPD_STS=1&SUPD_URS=0&SUPD_URSA=1&TYPENC=D&CLIENT_PHPVER=7.3.2&NGINX=Y&dbv=10.3.13&instm=main%2C21.400.100%2CY%3Bb24connector%2C21.0.0%2CN%3Bbitrix.sitecorporate%2C15.5.0%2CN%3Bbitrixcloud%2C21.0.0%2CN%3Bclouds%2C21.100.0%2CN%3Bfileman%2C21.200.0%2CN%3Bhighloadblock%2C21.100.0%2CN%3Biblock%2C21.400.100%2CN%3Blanding%2C21.300.300%2CN%3Bmessageservice%2C21.100.0%2CN%3Bnsandrey.emptyinstall%2C1.0.5%2CN%3Bperfmon%2C21.0.0%2CN%3Brest%2C21.200.0%2CN%3Bsearch%2C21.0.100%2CN%3Bseo%2C21.300.0%2CN%3Bsocialservices%2C21.100.0%2CN%3Btranslate%2C21.100.0%2CN%3Bui%2C21.300.0%2CN&reqm=nsandrey.emptyinstall&lim=Y&SUPD_SRS=RU&SUPD_CMP=N
2022-03-09 14:29:40 -  - exec CUpdateClientPartner::GetHTTPPage
2022-03-09 14:29:40 -  - TIME LoadModulesUpdates(request) 0.215 sec
2022-03-09 14:29:40 -  - exec CUpdateClientPartner::ParseServerData
2022-03-09 14:29:40 - STEP - Finish - NOUPDATES
2022-03-09 14:29:40 - LM4W03 - Finish - NOUPDATES
2022-03-09 14:30:57 -  - exec CUpdateClientPartner::__CollectRequestData
2022-03-09 14:30:57 -  - exec CUpdateClientPartner::GetHTTPPage
2022-03-09 14:30:57 -  - exec CUpdateClientPartner::ParseServerData
2022-03-09 14:30:57 -  - exec CUpdateClientPartner::GetUpdatesList
2022-03-09 14:30:57 -  - exec CUpdateClientPartner::__CollectRequestData
2022-03-09 14:30:57 -  - utf=Y&lang=ru&stable=Y&CANGZIP=Y&SUPD_DBS=MYSQL&XE=N&CLIENT_SITE=my.dev.clothes&LICENSE_KEY=X&SUPD_STS=1&SUPD_URS=0&SUPD_URSA=1&TYPENC=D&CLIENT_PHPVER=7.3.2&NGINX=Y&dbv=10.3.13&instm=main%2C21.400.100%2CY%3Bb24connector%2C21.0.0%2CN%3Bbitrix.sitecorporate%2C15.5.0%2CN%3Bbitrixcloud%2C21.0.0%2CN%3Bclouds%2C21.100.0%2CN%3Bfileman%2C21.200.0%2CN%3Bhighloadblock%2C21.100.0%2CN%3Biblock%2C21.400.100%2CN%3Blanding%2C21.300.300%2CN%3Bmessageservice%2C21.100.0%2CN%3Bnsandrey.emptyinstall%2C1.0.5%2CN%3Bperfmon%2C21.0.0%2CN%3Brest%2C21.200.0%2CN%3Bsearch%2C21.0.100%2CN%3Bseo%2C21.300.0%2CN%3Bsocialservices%2C21.100.0%2CN%3Btranslate%2C21.100.0%2CN%3Bui%2C21.300.0%2CN&reqm=bitrix.sitecorporate%2Cnsandrey.emptyinstall&fullmoduleinfo=Y&SUPD_SRS=RU&SUPD_CMP=N
2022-03-09 14:30:57 -  - exec CUpdateClientPartner::GetHTTPPage
2022-03-09 14:30:57 -  - TIME GetUpdatesList(request) 0.22 sec
2022-03-09 14:30:57 -  - exec CUpdateClientPartner::ParseServerData
2022-03-09 14:30:57 -  - exec CUpdateClientPartner::__CollectRequestData
2022-03-09 14:30:57 -  - exec CUpdateClientPartner::GetHTTPPage
2022-03-09 14:30:58 -  - exec CUpdateClientPartner::ParseServerData
